
*** Running vivado
    with args -log mb_usb_hdmi_top.vdi -applog -m64 -product Vivado -messageDb vivado.pb -mode batch -source mb_usb_hdmi_top.tcl -notrace



****** Vivado v2022.2 (64-bit)
  **** SW Build 3671981 on Fri Oct 14 05:00:03 MDT 2022
  **** IP Build 3669848 on Fri Oct 14 08:30:02 MDT 2022
    ** Copyright 1986-2022 Xilinx, Inc. All Rights Reserved.

source mb_usb_hdmi_top.tcl -notrace
INFO: [IP_Flow 19-234] Refreshing IP repositories
INFO: [IP_Flow 19-1700] Loaded user IP repository 'f:/hdmi_tx_1.0'.
INFO: [IP_Flow 19-2313] Loaded Vivado IP repository 'E:/xilinx/Vivado/2022.2/data/ip'.
Command: link_design -top mb_usb_hdmi_top -part xc7s50csga324-1
Design is defaulting to srcset: sources_1
Design is defaulting to constrset: constrs_1
INFO: [Device 21-403] Loading part xc7s50csga324-1
INFO: [Project 1-454] Reading design checkpoint 'e:/xilinx/final_project/lab6.gen/sources_1/ip/frame_buffer_0/frame_buffer_0.dcp' for cell 'FB'
INFO: [Project 1-454] Reading design checkpoint 'e:/xilinx/final_project/lab6.gen/sources_1/ip/clk_wiz_0/clk_wiz_0.dcp' for cell 'clk_wiz'
INFO: [Project 1-454] Reading design checkpoint 'e:/xilinx/final_project/lab6.gen/sources_1/ip/hdmi_tx_0/hdmi_tx_0.dcp' for cell 'vga_to_hdmi'
INFO: [Project 1-454] Reading design checkpoint 'e:/xilinx/final_project/lab6.gen/sources_1/ip/bullet_rom/bullet_rom.dcp' for cell 'BE1/s_bullet_rom'
INFO: [Project 1-454] Reading design checkpoint 'e:/xilinx/final_project/lab6.gen/sources_1/ip/red_brick_rom/red_brick_rom.dcp' for cell 'BK/RB/red_brick_rom'
INFO: [Project 1-454] Reading design checkpoint 'e:/xilinx/final_project/lab6.gen/sources_1/ip/i_rom/i_rom.dcp' for cell 'BS/I/i_rom'
INFO: [Project 1-454] Reading design checkpoint 'e:/xilinx/final_project/lab6.gen/sources_1/ip/tank3_rom/tank3_rom.dcp' for cell 'ETE/tank3_rom'
INFO: [Project 1-454] Reading design checkpoint 'e:/xilinx/final_project/lab6.gen/sources_1/ip/eight_rom/eight_rom.dcp' for cell 'OE/ER'
INFO: [Project 1-454] Reading design checkpoint 'e:/xilinx/final_project/lab6.gen/sources_1/ip/five_rom/five_rom.dcp' for cell 'OE/FFR'
INFO: [Project 1-454] Reading design checkpoint 'e:/xilinx/final_project/lab6.gen/sources_1/ip/four_rom/four_rom.dcp' for cell 'OE/FR'
INFO: [Project 1-454] Reading design checkpoint 'e:/xilinx/final_project/lab6.gen/sources_1/ip/nine_rom/nine_rom.dcp' for cell 'OE/NR'
INFO: [Project 1-454] Reading design checkpoint 'e:/xilinx/final_project/lab6.gen/sources_1/ip/one_rom/one_rom.dcp' for cell 'OE/OR'
INFO: [Project 1-454] Reading design checkpoint 'e:/xilinx/final_project/lab6.gen/sources_1/ip/score_rom/score_rom.dcp' for cell 'OE/SCORE_R'
INFO: [Project 1-454] Reading design checkpoint 'e:/xilinx/final_project/lab6.gen/sources_1/ip/six_rom/six_rom.dcp' for cell 'OE/SR'
INFO: [Project 1-454] Reading design checkpoint 'e:/xilinx/final_project/lab6.gen/sources_1/ip/seven_rom/seven_rom.dcp' for cell 'OE/SSR'
INFO: [Project 1-454] Reading design checkpoint 'e:/xilinx/final_project/lab6.gen/sources_1/ip/two_rom/two_rom.dcp' for cell 'OE/TR'
INFO: [Project 1-454] Reading design checkpoint 'e:/xilinx/final_project/lab6.gen/sources_1/ip/three_rom/three_rom.dcp' for cell 'OE/TTR'
INFO: [Project 1-454] Reading design checkpoint 'e:/xilinx/final_project/lab6.gen/sources_1/ip/zero_rom/zero_rom.dcp' for cell 'OE/ZR'
INFO: [Project 1-454] Reading design checkpoint 'e:/xilinx/final_project/lab6.gen/sources_1/bd/mb_block/ip/mb_block_axi_uartlite_0_0/mb_block_axi_uartlite_0_0.dcp' for cell 'mb_block_i/axi_uartlite_0'
INFO: [Project 1-454] Reading design checkpoint 'e:/xilinx/final_project/lab6.gen/sources_1/bd/mb_block/ip/mb_block_clk_wiz_1_0/mb_block_clk_wiz_1_0.dcp' for cell 'mb_block_i/clk_wiz_1'
INFO: [Project 1-454] Reading design checkpoint 'e:/xilinx/final_project/lab6.gen/sources_1/bd/mb_block/ip/mb_block_axi_gpio_3_2/mb_block_axi_gpio_3_2.dcp' for cell 'mb_block_i/gpio_usb_int'
INFO: [Project 1-454] Reading design checkpoint 'e:/xilinx/final_project/lab6.gen/sources_1/bd/mb_block/ip/mb_block_axi_gpio_3_1/mb_block_axi_gpio_3_1.dcp' for cell 'mb_block_i/gpio_usb_keycode'
INFO: [Project 1-454] Reading design checkpoint 'e:/xilinx/final_project/lab6.gen/sources_1/bd/mb_block/ip/mb_block_axi_gpio_3_0/mb_block_axi_gpio_3_0.dcp' for cell 'mb_block_i/gpio_usb_rst'
INFO: [Project 1-454] Reading design checkpoint 'e:/xilinx/final_project/lab6.gen/sources_1/bd/mb_block/ip/mb_block_mdm_1_0/mb_block_mdm_1_0.dcp' for cell 'mb_block_i/mdm_1'
INFO: [Project 1-454] Reading design checkpoint 'e:/xilinx/final_project/lab6.gen/sources_1/bd/mb_block/ip/mb_block_microblaze_0_0/mb_block_microblaze_0_0.dcp' for cell 'mb_block_i/microblaze_0'
INFO: [Project 1-454] Reading design checkpoint 'e:/xilinx/final_project/lab6.gen/sources_1/bd/mb_block/ip/mb_block_microblaze_0_axi_intc_0/mb_block_microblaze_0_axi_intc_0.dcp' for cell 'mb_block_i/microblaze_0_axi_intc'
INFO: [Project 1-454] Reading design checkpoint 'e:/xilinx/final_project/lab6.gen/sources_1/bd/mb_block/ip/mb_block_rst_clk_wiz_1_100M_0/mb_block_rst_clk_wiz_1_100M_0.dcp' for cell 'mb_block_i/rst_clk_wiz_1_100M'
INFO: [Project 1-454] Reading design checkpoint 'e:/xilinx/final_project/lab6.gen/sources_1/bd/mb_block/ip/mb_block_axi_quad_spi_0_0/mb_block_axi_quad_spi_0_0.dcp' for cell 'mb_block_i/spi_usb'
INFO: [Project 1-454] Reading design checkpoint 'e:/xilinx/final_project/lab6.gen/sources_1/bd/mb_block/ip/mb_block_axi_timer_0_0/mb_block_axi_timer_0_0.dcp' for cell 'mb_block_i/timer_usb_axi'
INFO: [Project 1-454] Reading design checkpoint 'e:/xilinx/final_project/lab6.gen/sources_1/bd/mb_block/ip/mb_block_xbar_0/mb_block_xbar_0.dcp' for cell 'mb_block_i/microblaze_0_axi_periph/xbar'
INFO: [Project 1-454] Reading design checkpoint 'e:/xilinx/final_project/lab6.gen/sources_1/bd/mb_block/ip/mb_block_dlmb_bram_if_cntlr_0/mb_block_dlmb_bram_if_cntlr_0.dcp' for cell 'mb_block_i/microblaze_0_local_memory/dlmb_bram_if_cntlr'
INFO: [Project 1-454] Reading design checkpoint 'e:/xilinx/final_project/lab6.gen/sources_1/bd/mb_block/ip/mb_block_dlmb_v10_0/mb_block_dlmb_v10_0.dcp' for cell 'mb_block_i/microblaze_0_local_memory/dlmb_v10'
INFO: [Project 1-454] Reading design checkpoint 'e:/xilinx/final_project/lab6.gen/sources_1/bd/mb_block/ip/mb_block_ilmb_bram_if_cntlr_0/mb_block_ilmb_bram_if_cntlr_0.dcp' for cell 'mb_block_i/microblaze_0_local_memory/ilmb_bram_if_cntlr'
INFO: [Project 1-454] Reading design checkpoint 'e:/xilinx/final_project/lab6.gen/sources_1/bd/mb_block/ip/mb_block_ilmb_v10_0/mb_block_ilmb_v10_0.dcp' for cell 'mb_block_i/microblaze_0_local_memory/ilmb_v10'
INFO: [Project 1-454] Reading design checkpoint 'e:/xilinx/final_project/lab6.gen/sources_1/bd/mb_block/ip/mb_block_lmb_bram_0/mb_block_lmb_bram_0.dcp' for cell 'mb_block_i/microblaze_0_local_memory/lmb_bram'
Netlist sorting complete. Time (s): cpu = 00:00:00 ; elapsed = 00:00:00.277 . Memory (MB): peak = 947.832 ; gain = 0.000
INFO: [Netlist 29-17] Analyzing 1291 Unisim elements for replacement
INFO: [Netlist 29-28] Unisim Transformation completed in 0 CPU seconds
INFO: [Project 1-479] Netlist was created with Vivado 2022.2
INFO: [Project 1-570] Preparing netlist for logic optimization
WARNING: [Opt 31-35] Removing redundant IBUF, clk_wiz/inst/clkin1_ibufg, from the path connected to top-level port: Clk 
Resolution: The tool has removed redundant IBUF. To resolve this warning, check for redundant IBUF in the input design.
WARNING: [Opt 31-35] Removing redundant IBUF, mb_block_i/clk_wiz_1/inst/clkin1_ibufg, from the path connected to top-level port: Clk 
Resolution: The tool has removed redundant IBUF. To resolve this warning, check for redundant IBUF in the input design.
WARNING: [Constraints 18-550] Could not create 'IBUF_LOW_PWR' constraint because net 'clk_wiz/clk_in1' is not directly connected to top level port. Synthesis is ignored for IBUF_LOW_PWR but preserved for implementation.
WARNING: [Constraints 18-550] Could not create 'IBUF_LOW_PWR' constraint because net 'mb_block_i/clk_wiz_1/clk_in1' is not directly connected to top level port. Synthesis is ignored for IBUF_LOW_PWR but preserved for implementation.
Parsing XDC File [e:/xilinx/final_project/lab6.gen/sources_1/bd/mb_block/ip/mb_block_microblaze_0_0/mb_block_microblaze_0_0.xdc] for cell 'mb_block_i/microblaze_0/U0'
Finished Parsing XDC File [e:/xilinx/final_project/lab6.gen/sources_1/bd/mb_block/ip/mb_block_microblaze_0_0/mb_block_microblaze_0_0.xdc] for cell 'mb_block_i/microblaze_0/U0'
Parsing XDC File [e:/xilinx/final_project/lab6.gen/sources_1/bd/mb_block/ip/mb_block_microblaze_0_axi_intc_0/mb_block_microblaze_0_axi_intc_0.xdc] for cell 'mb_block_i/microblaze_0_axi_intc/U0'
Finished Parsing XDC File [e:/xilinx/final_project/lab6.gen/sources_1/bd/mb_block/ip/mb_block_microblaze_0_axi_intc_0/mb_block_microblaze_0_axi_intc_0.xdc] for cell 'mb_block_i/microblaze_0_axi_intc/U0'
Parsing XDC File [e:/xilinx/final_project/lab6.gen/sources_1/bd/mb_block/ip/mb_block_clk_wiz_1_0/mb_block_clk_wiz_1_0_board.xdc] for cell 'mb_block_i/clk_wiz_1/inst'
Finished Parsing XDC File [e:/xilinx/final_project/lab6.gen/sources_1/bd/mb_block/ip/mb_block_clk_wiz_1_0/mb_block_clk_wiz_1_0_board.xdc] for cell 'mb_block_i/clk_wiz_1/inst'
Parsing XDC File [e:/xilinx/final_project/lab6.gen/sources_1/bd/mb_block/ip/mb_block_clk_wiz_1_0/mb_block_clk_wiz_1_0.xdc] for cell 'mb_block_i/clk_wiz_1/inst'
INFO: [Timing 38-35] Done setting XDC timing constraints. [e:/xilinx/final_project/lab6.gen/sources_1/bd/mb_block/ip/mb_block_clk_wiz_1_0/mb_block_clk_wiz_1_0.xdc:57]
INFO: [Timing 38-2] Deriving generated clocks [e:/xilinx/final_project/lab6.gen/sources_1/bd/mb_block/ip/mb_block_clk_wiz_1_0/mb_block_clk_wiz_1_0.xdc:57]
get_clocks: Time (s): cpu = 00:00:03 ; elapsed = 00:00:05 . Memory (MB): peak = 1577.039 ; gain = 486.066
Finished Parsing XDC File [e:/xilinx/final_project/lab6.gen/sources_1/bd/mb_block/ip/mb_block_clk_wiz_1_0/mb_block_clk_wiz_1_0.xdc] for cell 'mb_block_i/clk_wiz_1/inst'
Parsing XDC File [e:/xilinx/final_project/lab6.gen/sources_1/bd/mb_block/ip/mb_block_rst_clk_wiz_1_100M_0/mb_block_rst_clk_wiz_1_100M_0_board.xdc] for cell 'mb_block_i/rst_clk_wiz_1_100M/U0'
Finished Parsing XDC File [e:/xilinx/final_project/lab6.gen/sources_1/bd/mb_block/ip/mb_block_rst_clk_wiz_1_100M_0/mb_block_rst_clk_wiz_1_100M_0_board.xdc] for cell 'mb_block_i/rst_clk_wiz_1_100M/U0'
Parsing XDC File [e:/xilinx/final_project/lab6.gen/sources_1/bd/mb_block/ip/mb_block_rst_clk_wiz_1_100M_0/mb_block_rst_clk_wiz_1_100M_0.xdc] for cell 'mb_block_i/rst_clk_wiz_1_100M/U0'
Finished Parsing XDC File [e:/xilinx/final_project/lab6.gen/sources_1/bd/mb_block/ip/mb_block_rst_clk_wiz_1_100M_0/mb_block_rst_clk_wiz_1_100M_0.xdc] for cell 'mb_block_i/rst_clk_wiz_1_100M/U0'
Parsing XDC File [e:/xilinx/final_project/lab6.gen/sources_1/bd/mb_block/ip/mb_block_axi_uartlite_0_0/mb_block_axi_uartlite_0_0_board.xdc] for cell 'mb_block_i/axi_uartlite_0/U0'
Finished Parsing XDC File [e:/xilinx/final_project/lab6.gen/sources_1/bd/mb_block/ip/mb_block_axi_uartlite_0_0/mb_block_axi_uartlite_0_0_board.xdc] for cell 'mb_block_i/axi_uartlite_0/U0'
Parsing XDC File [e:/xilinx/final_project/lab6.gen/sources_1/bd/mb_block/ip/mb_block_axi_uartlite_0_0/mb_block_axi_uartlite_0_0.xdc] for cell 'mb_block_i/axi_uartlite_0/U0'
Finished Parsing XDC File [e:/xilinx/final_project/lab6.gen/sources_1/bd/mb_block/ip/mb_block_axi_uartlite_0_0/mb_block_axi_uartlite_0_0.xdc] for cell 'mb_block_i/axi_uartlite_0/U0'
Parsing XDC File [e:/xilinx/final_project/lab6.gen/sources_1/bd/mb_block/ip/mb_block_axi_gpio_3_0/mb_block_axi_gpio_3_0_board.xdc] for cell 'mb_block_i/gpio_usb_rst/U0'
Finished Parsing XDC File [e:/xilinx/final_project/lab6.gen/sources_1/bd/mb_block/ip/mb_block_axi_gpio_3_0/mb_block_axi_gpio_3_0_board.xdc] for cell 'mb_block_i/gpio_usb_rst/U0'
Parsing XDC File [e:/xilinx/final_project/lab6.gen/sources_1/bd/mb_block/ip/mb_block_axi_gpio_3_0/mb_block_axi_gpio_3_0.xdc] for cell 'mb_block_i/gpio_usb_rst/U0'
Finished Parsing XDC File [e:/xilinx/final_project/lab6.gen/sources_1/bd/mb_block/ip/mb_block_axi_gpio_3_0/mb_block_axi_gpio_3_0.xdc] for cell 'mb_block_i/gpio_usb_rst/U0'
Parsing XDC File [e:/xilinx/final_project/lab6.gen/sources_1/bd/mb_block/ip/mb_block_axi_gpio_3_1/mb_block_axi_gpio_3_1_board.xdc] for cell 'mb_block_i/gpio_usb_keycode/U0'
Finished Parsing XDC File [e:/xilinx/final_project/lab6.gen/sources_1/bd/mb_block/ip/mb_block_axi_gpio_3_1/mb_block_axi_gpio_3_1_board.xdc] for cell 'mb_block_i/gpio_usb_keycode/U0'
Parsing XDC File [e:/xilinx/final_project/lab6.gen/sources_1/bd/mb_block/ip/mb_block_axi_gpio_3_1/mb_block_axi_gpio_3_1.xdc] for cell 'mb_block_i/gpio_usb_keycode/U0'
Finished Parsing XDC File [e:/xilinx/final_project/lab6.gen/sources_1/bd/mb_block/ip/mb_block_axi_gpio_3_1/mb_block_axi_gpio_3_1.xdc] for cell 'mb_block_i/gpio_usb_keycode/U0'
Parsing XDC File [e:/xilinx/final_project/lab6.gen/sources_1/bd/mb_block/ip/mb_block_axi_gpio_3_2/mb_block_axi_gpio_3_2_board.xdc] for cell 'mb_block_i/gpio_usb_int/U0'
Finished Parsing XDC File [e:/xilinx/final_project/lab6.gen/sources_1/bd/mb_block/ip/mb_block_axi_gpio_3_2/mb_block_axi_gpio_3_2_board.xdc] for cell 'mb_block_i/gpio_usb_int/U0'
Parsing XDC File [e:/xilinx/final_project/lab6.gen/sources_1/bd/mb_block/ip/mb_block_axi_gpio_3_2/mb_block_axi_gpio_3_2.xdc] for cell 'mb_block_i/gpio_usb_int/U0'
Finished Parsing XDC File [e:/xilinx/final_project/lab6.gen/sources_1/bd/mb_block/ip/mb_block_axi_gpio_3_2/mb_block_axi_gpio_3_2.xdc] for cell 'mb_block_i/gpio_usb_int/U0'
Parsing XDC File [e:/xilinx/final_project/lab6.gen/sources_1/bd/mb_block/ip/mb_block_axi_timer_0_0/mb_block_axi_timer_0_0.xdc] for cell 'mb_block_i/timer_usb_axi/U0'
Finished Parsing XDC File [e:/xilinx/final_project/lab6.gen/sources_1/bd/mb_block/ip/mb_block_axi_timer_0_0/mb_block_axi_timer_0_0.xdc] for cell 'mb_block_i/timer_usb_axi/U0'
Parsing XDC File [e:/xilinx/final_project/lab6.gen/sources_1/bd/mb_block/ip/mb_block_axi_quad_spi_0_0/mb_block_axi_quad_spi_0_0_board.xdc] for cell 'mb_block_i/spi_usb/U0'
Finished Parsing XDC File [e:/xilinx/final_project/lab6.gen/sources_1/bd/mb_block/ip/mb_block_axi_quad_spi_0_0/mb_block_axi_quad_spi_0_0_board.xdc] for cell 'mb_block_i/spi_usb/U0'
Parsing XDC File [e:/xilinx/final_project/lab6.gen/sources_1/bd/mb_block/ip/mb_block_axi_quad_spi_0_0/mb_block_axi_quad_spi_0_0.xdc] for cell 'mb_block_i/spi_usb/U0'
Finished Parsing XDC File [e:/xilinx/final_project/lab6.gen/sources_1/bd/mb_block/ip/mb_block_axi_quad_spi_0_0/mb_block_axi_quad_spi_0_0.xdc] for cell 'mb_block_i/spi_usb/U0'
Parsing XDC File [e:/xilinx/final_project/lab6.gen/sources_1/ip/clk_wiz_0/clk_wiz_0_board.xdc] for cell 'clk_wiz/inst'
Finished Parsing XDC File [e:/xilinx/final_project/lab6.gen/sources_1/ip/clk_wiz_0/clk_wiz_0_board.xdc] for cell 'clk_wiz/inst'
Parsing XDC File [e:/xilinx/final_project/lab6.gen/sources_1/ip/clk_wiz_0/clk_wiz_0.xdc] for cell 'clk_wiz/inst'
INFO: [Timing 38-2] Deriving generated clocks [e:/xilinx/final_project/lab6.gen/sources_1/ip/clk_wiz_0/clk_wiz_0.xdc:57]
Finished Parsing XDC File [e:/xilinx/final_project/lab6.gen/sources_1/ip/clk_wiz_0/clk_wiz_0.xdc] for cell 'clk_wiz/inst'
Parsing XDC File [F:/lab6_2_provided/pin_assignment/mb_usb_hdmi_top.xdc]
Finished Parsing XDC File [F:/lab6_2_provided/pin_assignment/mb_usb_hdmi_top.xdc]
[libprotobuf ERROR C:\w10\HEAD\src\ext\protobuf\build\lnx64\protobuf-3.7.1\src\google\protobuf\wire_format_lite.cc:611] String field 'HDMetricDBGroup.MetricMapEntry.value' contains invalid UTF-8 data when parsing a protocol buffer. Use the 'bytes' type if you intend to send raw bytes. 
Parsing XDC File [e:/xilinx/final_project/lab6.gen/sources_1/bd/mb_block/ip/mb_block_microblaze_0_axi_intc_0/mb_block_microblaze_0_axi_intc_0_clocks.xdc] for cell 'mb_block_i/microblaze_0_axi_intc/U0'
Finished Parsing XDC File [e:/xilinx/final_project/lab6.gen/sources_1/bd/mb_block/ip/mb_block_microblaze_0_axi_intc_0/mb_block_microblaze_0_axi_intc_0_clocks.xdc] for cell 'mb_block_i/microblaze_0_axi_intc/U0'
Parsing XDC File [e:/xilinx/final_project/lab6.gen/sources_1/bd/mb_block/ip/mb_block_mdm_1_0/mb_block_mdm_1_0.xdc] for cell 'mb_block_i/mdm_1/U0'
Finished Parsing XDC File [e:/xilinx/final_project/lab6.gen/sources_1/bd/mb_block/ip/mb_block_mdm_1_0/mb_block_mdm_1_0.xdc] for cell 'mb_block_i/mdm_1/U0'
Parsing XDC File [e:/xilinx/final_project/lab6.gen/sources_1/bd/mb_block/ip/mb_block_axi_quad_spi_0_0/mb_block_axi_quad_spi_0_0_clocks.xdc] for cell 'mb_block_i/spi_usb/U0'
Finished Parsing XDC File [e:/xilinx/final_project/lab6.gen/sources_1/bd/mb_block/ip/mb_block_axi_quad_spi_0_0/mb_block_axi_quad_spi_0_0_clocks.xdc] for cell 'mb_block_i/spi_usb/U0'
WARNING: [XPM_CDC_GRAY: TCL-1000] The source and destination clocks are the same. 
     Instance: mb_block_i/spi_usb/U0/NO_DUAL_QUAD_MODE.QSPI_NORMAL/QSPI_LEGACY_MD_GEN.QSPI_CORE_INTERFACE_I/FIFO_EXISTS.TX_FIFO_II/xpm_fifo_instance.xpm_fifo_async_inst/gnuram_async_fifo.xpm_fifo_base_inst/gen_cdc_pntr.rd_pntr_cdc_inst 
  This will add unnecessary latency to the design. Please check the design for the following: 
 1) Manually instantiated XPM_CDC modules: Xilinx recommends that you remove these modules. 
 2) Xilinx IP that contains XPM_CDC modules: Verify the connections to the IP to determine whether you can safely ignore this message.
 [E:/xilinx/Vivado/2022.2/data/ip/xpm/xpm_cdc/tcl/xpm_cdc_gray.tcl:16]
WARNING: [XPM_CDC_GRAY: TCL-1000] The source and destination clocks are the same. 
     Instance: mb_block_i/spi_usb/U0/NO_DUAL_QUAD_MODE.QSPI_NORMAL/QSPI_LEGACY_MD_GEN.QSPI_CORE_INTERFACE_I/FIFO_EXISTS.RX_FIFO_II/gnuram_async_fifo.xpm_fifo_base_inst/gen_cdc_pntr.wr_pntr_cdc_inst 
  This will add unnecessary latency to the design. Please check the design for the following: 
 1) Manually instantiated XPM_CDC modules: Xilinx recommends that you remove these modules. 
 2) Xilinx IP that contains XPM_CDC modules: Verify the connections to the IP to determine whether you can safely ignore this message.
 [E:/xilinx/Vivado/2022.2/data/ip/xpm/xpm_cdc/tcl/xpm_cdc_gray.tcl:16]
WARNING: [XPM_CDC_GRAY: TCL-1000] The source and destination clocks are the same. 
     Instance: mb_block_i/spi_usb/U0/NO_DUAL_QUAD_MODE.QSPI_NORMAL/QSPI_LEGACY_MD_GEN.QSPI_CORE_INTERFACE_I/FIFO_EXISTS.RX_FIFO_II/gnuram_async_fifo.xpm_fifo_base_inst/gen_cdc_pntr.rd_pntr_cdc_inst 
  This will add unnecessary latency to the design. Please check the design for the following: 
 1) Manually instantiated XPM_CDC modules: Xilinx recommends that you remove these modules. 
 2) Xilinx IP that contains XPM_CDC modules: Verify the connections to the IP to determine whether you can safely ignore this message.
 [E:/xilinx/Vivado/2022.2/data/ip/xpm/xpm_cdc/tcl/xpm_cdc_gray.tcl:16]
WARNING: [XPM_CDC_GRAY: TCL-1000] The source and destination clocks are the same. 
     Instance: mb_block_i/spi_usb/U0/NO_DUAL_QUAD_MODE.QSPI_NORMAL/QSPI_LEGACY_MD_GEN.QSPI_CORE_INTERFACE_I/FIFO_EXISTS.TX_FIFO_II/xpm_fifo_instance.xpm_fifo_async_inst/gnuram_async_fifo.xpm_fifo_base_inst/gen_cdc_pntr.wr_pntr_cdc_inst 
  This will add unnecessary latency to the design. Please check the design for the following: 
 1) Manually instantiated XPM_CDC modules: Xilinx recommends that you remove these modules. 
 2) Xilinx IP that contains XPM_CDC modules: Verify the connections to the IP to determine whether you can safely ignore this message.
 [E:/xilinx/Vivado/2022.2/data/ip/xpm/xpm_cdc/tcl/xpm_cdc_gray.tcl:16]
WARNING: [XPM_CDC_GRAY: TCL-1000] The source and destination clocks are the same. 
     Instance: mb_block_i/spi_usb/U0/NO_DUAL_QUAD_MODE.QSPI_NORMAL/QSPI_LEGACY_MD_GEN.QSPI_CORE_INTERFACE_I/FIFO_EXISTS.TX_FIFO_II/xpm_fifo_instance.xpm_fifo_async_inst/gnuram_async_fifo.xpm_fifo_base_inst/gen_cdc_pntr.wr_pntr_cdc_dc_inst 
  This will add unnecessary latency to the design. Please check the design for the following: 
 1) Manually instantiated XPM_CDC modules: Xilinx recommends that you remove these modules. 
 2) Xilinx IP that contains XPM_CDC modules: Verify the connections to the IP to determine whether you can safely ignore this message.
 [E:/xilinx/Vivado/2022.2/data/ip/xpm/xpm_cdc/tcl/xpm_cdc_gray.tcl:16]
WARNING: [XPM_CDC_GRAY: TCL-1000] The source and destination clocks are the same. 
     Instance: mb_block_i/spi_usb/U0/NO_DUAL_QUAD_MODE.QSPI_NORMAL/QSPI_LEGACY_MD_GEN.QSPI_CORE_INTERFACE_I/FIFO_EXISTS.RX_FIFO_II/gnuram_async_fifo.xpm_fifo_base_inst/gen_cdc_pntr.wr_pntr_cdc_dc_inst 
  This will add unnecessary latency to the design. Please check the design for the following: 
 1) Manually instantiated XPM_CDC modules: Xilinx recommends that you remove these modules. 
 2) Xilinx IP that contains XPM_CDC modules: Verify the connections to the IP to determine whether you can safely ignore this message.
 [E:/xilinx/Vivado/2022.2/data/ip/xpm/xpm_cdc/tcl/xpm_cdc_gray.tcl:16]
WARNING: [XPM_CDC_GRAY: TCL-1000] The source and destination clocks are the same. 
     Instance: mb_block_i/spi_usb/U0/NO_DUAL_QUAD_MODE.QSPI_NORMAL/QSPI_LEGACY_MD_GEN.QSPI_CORE_INTERFACE_I/FIFO_EXISTS.TX_FIFO_II/xpm_fifo_instance.xpm_fifo_async_inst/gnuram_async_fifo.xpm_fifo_base_inst/gen_cdc_pntr.rd_pntr_cdc_dc_inst 
  This will add unnecessary latency to the design. Please check the design for the following: 
 1) Manually instantiated XPM_CDC modules: Xilinx recommends that you remove these modules. 
 2) Xilinx IP that contains XPM_CDC modules: Verify the connections to the IP to determine whether you can safely ignore this message.
 [E:/xilinx/Vivado/2022.2/data/ip/xpm/xpm_cdc/tcl/xpm_cdc_gray.tcl:16]
WARNING: [XPM_CDC_GRAY: TCL-1000] The source and destination clocks are the same. 
     Instance: mb_block_i/spi_usb/U0/NO_DUAL_QUAD_MODE.QSPI_NORMAL/QSPI_LEGACY_MD_GEN.QSPI_CORE_INTERFACE_I/FIFO_EXISTS.RX_FIFO_II/gnuram_async_fifo.xpm_fifo_base_inst/gen_cdc_pntr.rd_pntr_cdc_dc_inst 
  This will add unnecessary latency to the design. Please check the design for the following: 
 1) Manually instantiated XPM_CDC modules: Xilinx recommends that you remove these modules. 
 2) Xilinx IP that contains XPM_CDC modules: Verify the connections to the IP to determine whether you can safely ignore this message.
 [E:/xilinx/Vivado/2022.2/data/ip/xpm/xpm_cdc/tcl/xpm_cdc_gray.tcl:16]
INFO: [Project 1-1714] 14 XPM XDC files have been applied to the design.
INFO: [Opt 31-138] Pushed 0 inverter(s) to 0 load pin(s).
WARNING: [Constraints 18-5572] Instance mb_block_i/spi_usb/U0/NO_DUAL_QUAD_MODE.QSPI_NORMAL/IO0_I_REG has IOB constraint set, However, the instance does not seem to have valid I/O connection to be placed into I/O. The constraint on the instance will be ignored.
Generating merged BMM file for the design top 'mb_usb_hdmi_top'...
INFO: [Memdata 28-144] Successfully populated the BRAM INIT strings from the following elf files: e:/xilinx/final_project/lab6.gen/sources_1/bd/mb_block/ip/mb_block_microblaze_0_0/data/mb_bootloop_le.elf 
Netlist sorting complete. Time (s): cpu = 00:00:00 ; elapsed = 00:00:00.039 . Memory (MB): peak = 1577.039 ; gain = 0.000
INFO: [Project 1-111] Unisim Transformation Summary:
  A total of 247 instances were transformed.
  LUT6_2 => LUT6_2 (LUT5, LUT6): 145 instances
  RAM16X1D => RAM32X1D (RAMD32(x2)): 32 instances
  RAM32M => RAM32M (RAMD32(x6), RAMS32(x2)): 2 instances
  RAM32X1D => RAM32X1D (RAMD32(x2)): 68 instances

50 Infos, 13 Warnings, 0 Critical Warnings and 0 Errors encountered.
link_design completed successfully
link_design: Time (s): cpu = 00:00:06 ; elapsed = 00:00:16 . Memory (MB): peak = 1577.039 ; gain = 1142.551
Command: opt_design
Attempting to get a license for feature 'Implementation' and/or device 'xc7s50'
INFO: [Common 17-349] Got license for feature 'Implementation' and/or device 'xc7s50'
Running DRC as a precondition to command opt_design

Starting DRC Task
INFO: [DRC 23-27] Running DRC with 2 threads
INFO: [Project 1-461] DRC finished with 0 Errors
INFO: [Project 1-462] Please refer to the DRC report (report_drc) for more information.

Time (s): cpu = 00:00:00 ; elapsed = 00:00:00.837 . Memory (MB): peak = 1577.039 ; gain = 0.000

Starting Cache Timing Information Task
INFO: [Timing 38-35] Done setting XDC timing constraints.
Ending Cache Timing Information Task | Checksum: 1c45bf704

Time (s): cpu = 00:00:00 ; elapsed = 00:00:00.537 . Memory (MB): peak = 1577.039 ; gain = 0.000

Starting Logic Optimization Task

Phase 1 Retarget
INFO: [Opt 31-1287] Pulled Inverter mb_block_i/mdm_1/U0/MDM_Core_I1/JTAG_CONTROL_I/Use_BSCAN.FDC_I/Use_Serial_Unified_Completion.Completion_Status_Register.sample_1[15]_i_1 into driver instance mb_block_i/mdm_1/U0/MDM_Core_I1/JTAG_CONTROL_I/Use_BSCAN.FDC_I/Use_Serial_Unified_Completion.Completion_Status_Register.sample_1[15]_i_2, which resulted in an inversion of 14 pins
INFO: [Opt 31-1287] Pulled Inverter mb_block_i/spi_usb/U0/NO_DUAL_QUAD_MODE.QSPI_NORMAL/QSPI_LEGACY_MD_GEN.QSPI_CORE_INTERFACE_I/FIFO_EXISTS.RX_FIFO_II/gnuram_async_fifo.xpm_fifo_base_inst/xpm_fifo_rst_inst/FSM_onehot_gen_rst_ic.curr_wrst_state[4]_i_1 into driver instance mb_block_i/spi_usb/U0/NO_DUAL_QUAD_MODE.QSPI_NORMAL/QSPI_LEGACY_MD_GEN.QSPI_CORE_INTERFACE_I/FIFO_EXISTS.RX_FIFO_II/gnuram_async_fifo.xpm_fifo_base_inst/xpm_fifo_rst_inst//i_, which resulted in an inversion of 2 pins
INFO: [Opt 31-1287] Pulled Inverter mb_block_i/spi_usb/U0/NO_DUAL_QUAD_MODE.QSPI_NORMAL/QSPI_LEGACY_MD_GEN.QSPI_CORE_INTERFACE_I/FIFO_EXISTS.TX_FIFO_II/xpm_fifo_instance.xpm_fifo_async_inst/gnuram_async_fifo.xpm_fifo_base_inst/xpm_fifo_rst_inst/FSM_onehot_gen_rst_ic.curr_wrst_state[4]_i_1 into driver instance mb_block_i/spi_usb/U0/NO_DUAL_QUAD_MODE.QSPI_NORMAL/QSPI_LEGACY_MD_GEN.QSPI_CORE_INTERFACE_I/FIFO_EXISTS.TX_FIFO_II/xpm_fifo_instance.xpm_fifo_async_inst/gnuram_async_fifo.xpm_fifo_base_inst/xpm_fifo_rst_inst//i_, which resulted in an inversion of 2 pins
INFO: [Opt 31-1287] Pulled Inverter mb_block_i/spi_usb/U0/NO_DUAL_QUAD_MODE.QSPI_NORMAL/QSPI_LEGACY_MD_GEN.QSPI_CORE_INTERFACE_I/LOGIC_FOR_MD_0_GEN.SPI_MODULE_I/LOCAL_TX_EMPTY_FIFO_12_GEN.stop_clock_reg_i_1 into driver instance mb_block_i/spi_usb/U0/NO_DUAL_QUAD_MODE.QSPI_NORMAL/QSPI_LEGACY_MD_GEN.QSPI_CORE_INTERFACE_I/LOGIC_FOR_MD_0_GEN.SPI_MODULE_I/SS_O[0]_i_2, which resulted in an inversion of 3 pins
INFO: [Opt 31-138] Pushed 2 inverter(s) to 2 load pin(s).
INFO: [Opt 31-49] Retargeted 0 cell(s).
Phase 1 Retarget | Checksum: 10e49a265

Time (s): cpu = 00:00:00 ; elapsed = 00:00:00.555 . Memory (MB): peak = 1879.203 ; gain = 0.000
INFO: [Opt 31-389] Phase Retarget created 296 cells and removed 409 cells
INFO: [Opt 31-1021] In phase Retarget, 4 netlist objects are constrained preventing optimization. Please run opt_design with -debug_log to get more detail. 

Phase 2 Constant propagation
INFO: [Opt 31-138] Pushed 8 inverter(s) to 14 load pin(s).
Phase 2 Constant propagation | Checksum: 184b08c47

Time (s): cpu = 00:00:00 ; elapsed = 00:00:00.681 . Memory (MB): peak = 1879.203 ; gain = 0.000
INFO: [Opt 31-389] Phase Constant propagation created 137 cells and removed 330 cells
INFO: [Opt 31-1021] In phase Constant propagation, 2 netlist objects are constrained preventing optimization. Please run opt_design with -debug_log to get more detail. 

Phase 3 Sweep
Phase 3 Sweep | Checksum: e1c12ce4

Time (s): cpu = 00:00:00 ; elapsed = 00:00:01 . Memory (MB): peak = 1879.203 ; gain = 0.000
INFO: [Opt 31-389] Phase Sweep created 0 cells and removed 486 cells
INFO: [Opt 31-1021] In phase Sweep, 8 netlist objects are constrained preventing optimization. Please run opt_design with -debug_log to get more detail. 

Phase 4 BUFG optimization
Phase 4 BUFG optimization | Checksum: e1c12ce4

Time (s): cpu = 00:00:00 ; elapsed = 00:00:01 . Memory (MB): peak = 1879.203 ; gain = 0.000
INFO: [Opt 31-662] Phase BUFG optimization created 0 cells of which 0 are BUFGs and removed 0 cells.

Phase 5 Shift Register Optimization
INFO: [Opt 31-1064] SRL Remap converted 0 SRLs to 0 registers and converted 0 registers of register chains to 0 SRLs
Phase 5 Shift Register Optimization | Checksum: e1c12ce4

Time (s): cpu = 00:00:00 ; elapsed = 00:00:01 . Memory (MB): peak = 1879.203 ; gain = 0.000
INFO: [Opt 31-389] Phase Shift Register Optimization created 0 cells and removed 0 cells

Phase 6 Post Processing Netlist
Phase 6 Post Processing Netlist | Checksum: f0e63336

Time (s): cpu = 00:00:00 ; elapsed = 00:00:01 . Memory (MB): peak = 1879.203 ; gain = 0.000
INFO: [Opt 31-389] Phase Post Processing Netlist created 0 cells and removed 0 cells
INFO: [Opt 31-1021] In phase Post Processing Netlist, 2 netlist objects are constrained preventing optimization. Please run opt_design with -debug_log to get more detail. 
Opt_design Change Summary
=========================


-------------------------------------------------------------------------------------------------------------------------
|  Phase                        |  #Cells created  |  #Cells Removed  |  #Constrained objects preventing optimizations  |
-------------------------------------------------------------------------------------------------------------------------
|  Retarget                     |             296  |             409  |                                              4  |
|  Constant propagation         |             137  |             330  |                                              2  |
|  Sweep                        |               0  |             486  |                                              8  |
|  BUFG optimization            |               0  |               0  |                                              0  |
|  Shift Register Optimization  |               0  |               0  |                                              0  |
|  Post Processing Netlist      |               0  |               0  |                                              2  |
-------------------------------------------------------------------------------------------------------------------------



Starting Connectivity Check Task

Time (s): cpu = 00:00:00 ; elapsed = 00:00:00.016 . Memory (MB): peak = 1879.203 ; gain = 0.000
Ending Logic Optimization Task | Checksum: 158c01381

Time (s): cpu = 00:00:01 ; elapsed = 00:00:02 . Memory (MB): peak = 1879.203 ; gain = 0.000

Starting Power Optimization Task
INFO: [Pwropt 34-132] Skipping clock gating for clocks with a period < 2.00 ns.
INFO: [Timing 38-35] Done setting XDC timing constraints.
Running Vector-less Activity Propagation...

Finished Running Vector-less Activity Propagation
INFO: [Pwropt 34-9] Applying IDT optimizations ...
INFO: [Pwropt 34-10] Applying ODC optimizations ...


Starting PowerOpt Patch Enables Task
INFO: [Pwropt 34-162] WRITE_MODE attribute of 57 BRAM(s) out of a total of 86 has been updated to save power. Run report_power_opt to get a complete listing of the BRAMs updated.
INFO: [Pwropt 34-201] Structural ODC has moved 11 WE to EN ports
Number of BRAM Ports augmented: 0 newly gated: 11 Total Ports: 172
Ending PowerOpt Patch Enables Task | Checksum: 16d371f3b

Time (s): cpu = 00:00:00 ; elapsed = 00:00:00.203 . Memory (MB): peak = 2160.988 ; gain = 0.000
Ending Power Optimization Task | Checksum: 16d371f3b

Time (s): cpu = 00:00:03 ; elapsed = 00:00:05 . Memory (MB): peak = 2160.988 ; gain = 281.785

Starting Final Cleanup Task
Ending Final Cleanup Task | Checksum: 16d371f3b

Time (s): cpu = 00:00:00 ; elapsed = 00:00:00.002 . Memory (MB): peak = 2160.988 ; gain = 0.000

Starting Netlist Obfuscation Task
Netlist sorting complete. Time (s): cpu = 00:00:00 ; elapsed = 00:00:00.010 . Memory (MB): peak = 2160.988 ; gain = 0.000
Ending Netlist Obfuscation Task | Checksum: 1876a656f

Time (s): cpu = 00:00:00 ; elapsed = 00:00:00.012 . Memory (MB): peak = 2160.988 ; gain = 0.000
INFO: [Common 17-83] Releasing license: Implementation
80 Infos, 13 Warnings, 0 Critical Warnings and 0 Errors encountered.
opt_design completed successfully
opt_design: Time (s): cpu = 00:00:05 ; elapsed = 00:00:10 . Memory (MB): peak = 2160.988 ; gain = 583.949
INFO: [Timing 38-35] Done setting XDC timing constraints.
INFO: [Timing 38-480] Writing timing data to binary archive.
Writing XDEF routing.
Writing XDEF routing logical nets.
Writing XDEF routing special nets.
Write XDEF Complete: Time (s): cpu = 00:00:00 ; elapsed = 00:00:00.019 . Memory (MB): peak = 2160.988 ; gain = 0.000
