INFO: [VRFC 10-2263] Analyzing Verilog file "E:/xilinx/final_project/lab6.ip_user_files/bd/mb_block/ip/mb_block_lmb_bram_0/sim/mb_block_lmb_bram_0.v" into library xil_defaultlib
INFO: [VRFC 10-311] analyzing module mb_block_lmb_bram_0
INFO: [VRFC 10-2263] Analyzing Verilog file "E:/xilinx/final_project/lab6.ip_user_files/bd/mb_block/ip/mb_block_clk_wiz_1_0/mb_block_clk_wiz_1_0_clk_wiz.v" into library xil_defaultlib
INFO: [VRFC 10-311] analyzing module mb_block_clk_wiz_1_0_clk_wiz
INFO: [VRFC 10-2263] Analyzing Verilog file "E:/xilinx/final_project/lab6.ip_user_files/bd/mb_block/ip/mb_block_clk_wiz_1_0/mb_block_clk_wiz_1_0.v" into library xil_defaultlib
INFO: [VRFC 10-311] analyzing module mb_block_clk_wiz_1_0
INFO: [VRFC 10-2263] Analyzing Verilog file "E:/xilinx/final_project/lab6.gen/sources_1/ip/clk_wiz_0/clk_wiz_0_clk_wiz.v" into library xil_defaultlib
INFO: [VRFC 10-311] analyzing module clk_wiz_0_clk_wiz
INFO: [VRFC 10-2263] Analyzing Verilog file "E:/xilinx/final_project/lab6.gen/sources_1/ip/clk_wiz_0/clk_wiz_0.v" into library xil_defaultlib
INFO: [VRFC 10-311] analyzing module clk_wiz_0
INFO: [VRFC 10-2263] Analyzing Verilog file "E:/xilinx/final_project/lab6.gen/sources_1/ip/hdmi_tx_0/hdl/encode.v" into library xil_defaultlib
INFO: [VRFC 10-311] analyzing module encode
INFO: [VRFC 10-2263] Analyzing Verilog file "E:/xilinx/final_project/lab6.gen/sources_1/ip/hdmi_tx_0/hdl/serdes_10_to_1.v" into library xil_defaultlib
INFO: [VRFC 10-311] analyzing module serdes_10_to_1
INFO: [VRFC 10-2263] Analyzing Verilog file "E:/xilinx/final_project/lab6.gen/sources_1/ip/hdmi_tx_0/hdl/srldelay.v" into library xil_defaultlib
INFO: [VRFC 10-311] analyzing module srldelay
INFO: [VRFC 10-2263] Analyzing Verilog file "E:/xilinx/final_project/lab6.gen/sources_1/ip/hdmi_tx_0/hdl/hdmi_tx_v1_0.v" into library xil_defaultlib
INFO: [VRFC 10-311] analyzing module hdmi_tx_v1_0
INFO: [VRFC 10-2263] Analyzing Verilog file "E:/xilinx/final_project/lab6.gen/sources_1/ip/hdmi_tx_0/sim/hdmi_tx_0.v" into library xil_defaultlib
INFO: [VRFC 10-311] analyzing module hdmi_tx_0
INFO: [VRFC 10-2263] Analyzing Verilog file "E:/xilinx/final_project/lab6.gen/sources_1/ip/red_brick_rom/sim/red_brick_rom.v" into library xil_defaultlib
INFO: [VRFC 10-311] analyzing module red_brick_rom
INFO: [VRFC 10-2263] Analyzing Verilog file "E:/xilinx/final_project/lab6.gen/sources_1/ip/tank3_rom/sim/tank3_rom.v" into library xil_defaultlib
INFO: [VRFC 10-311] analyzing module tank3_rom
INFO: [VRFC 10-2263] Analyzing Verilog file "E:/xilinx/final_project/lab6.gen/sources_1/ip/frame_buffer_0/sim/frame_buffer_0.v" into library xil_defaultlib
INFO: [VRFC 10-311] analyzing module frame_buffer_0
INFO: [VRFC 10-2263] Analyzing Verilog file "E:/xilinx/final_project/lab6.ip_user_files/bd/mb_block/ip/mb_block_xbar_0/sim/mb_block_xbar_0.v" into library xil_defaultlib
INFO: [VRFC 10-311] analyzing module mb_block_xbar_0
INFO: [VRFC 10-2263] Analyzing Verilog file "E:/xilinx/final_project/lab6.ip_user_files/bd/mb_block/ip/mb_block_xlconcat_0_0/sim/mb_block_xlconcat_0_0.v" into library xil_defaultlib
INFO: [VRFC 10-311] analyzing module mb_block_xlconcat_0_0
INFO: [VRFC 10-2263] Analyzing Verilog file "E:/xilinx/final_project/lab6.ip_user_files/bd/mb_block/sim/mb_block.v" into library xil_defaultlib
INFO: [VRFC 10-311] analyzing module m00_couplers_imp_1TK4492
INFO: [VRFC 10-311] analyzing module m01_couplers_imp_UT2LJ
INFO: [VRFC 10-311] analyzing module m02_couplers_imp_1ST4AV9
INFO: [VRFC 10-311] analyzing module m03_couplers_imp_1VI1NO
INFO: [VRFC 10-311] analyzing module m04_couplers_imp_1SCR8U8
INFO: [VRFC 10-311] analyzing module m05_couplers_imp_2FAMHT
INFO: [VRFC 10-311] analyzing module m06_couplers_imp_1QRRYF7
INFO: [VRFC 10-311] analyzing module m07_couplers_imp_3PYGGY
INFO: [VRFC 10-311] analyzing module m08_couplers_imp_1XO1QIY
INFO: [VRFC 10-311] analyzing module m09_couplers_imp_5MFQLN
INFO: [VRFC 10-311] analyzing module mb_block
INFO: [VRFC 10-311] analyzing module mb_block_microblaze_0_axi_periph_0
INFO: [VRFC 10-311] analyzing module microblaze_0_local_memory_imp_G5BFEQ
INFO: [VRFC 10-311] analyzing module s00_couplers_imp_5YIJ0K
INFO: [VRFC 10-2263] Analyzing SystemVerilog file "F:/新建文件夹/VGA_controller.sv" into library xil_defaultlib
INFO: [VRFC 10-311] analyzing module vga_controller
INFO: [VRFC 10-2263] Analyzing SystemVerilog file "F:/新建文件夹/ball.sv" into library xil_defaultlib
INFO: [VRFC 10-311] analyzing module tank
INFO: [VRFC 10-2263] Analyzing SystemVerilog file "E:/xilinx/final_project/lab6.srcs/sources_1/new/block.sv" into library xil_defaultlib
INFO: [VRFC 10-311] analyzing module block
INFO: [VRFC 10-2263] Analyzing SystemVerilog file "F:/新建文件夹/hex_driver.sv" into library xil_defaultlib
INFO: [VRFC 10-311] analyzing module hex_driver
INFO: [VRFC 10-311] analyzing module nibble_to_hex
INFO: [VRFC 10-2263] Analyzing SystemVerilog file "E:/xilinx/final_project/lab6.srcs/sources_1/imports/red_brick/red_brick_example.sv" into library xil_defaultlib
INFO: [VRFC 10-311] analyzing module red_brick_example
INFO: [VRFC 10-2263] Analyzing SystemVerilog file "E:/xilinx/final_project/lab6.srcs/sources_1/imports/red_brick/red_brick_palette.sv" into library xil_defaultlib
INFO: [VRFC 10-311] analyzing module palette
INFO: [VRFC 10-2263] Analyzing SystemVerilog file "E:/xilinx/final_project/lab6.srcs/sources_1/imports/tank3/tank3_example.sv" into library xil_defaultlib
INFO: [VRFC 10-311] analyzing module tank3_example
INFO: [VRFC 10-2263] Analyzing Verilog file "E:/xilinx/final_project/lab6.gen/sources_1/bd/mb_block/hdl/mb_block_wrapper.v" into library xil_defaultlib
INFO: [VRFC 10-311] analyzing module mb_block_wrapper
INFO: [VRFC 10-2263] Analyzing SystemVerilog file "E:/xilinx/final_project/lab6.srcs/sources_1/imports/新建文件夹/mb_usb_hdmi_top.sv" into library xil_defaultlib
INFO: [VRFC 10-311] analyzing module mb_usb_hdmi_top
INFO: [VRFC 10-2263] Analyzing SystemVerilog file "E:/xilinx/final_project/lab6.srcs/sources_1/new/tank2.sv" into library xil_defaultlib
INFO: [VRFC 10-311] analyzing module tank2
INFO: [VRFC 10-2263] Analyzing SystemVerilog file "E:/xilinx/final_project/lab6.srcs/sources_1/new/tank2_example.sv" into library xil_defaultlib
INFO: [VRFC 10-311] analyzing module tank2_example
INFO: [VRFC 10-2263] Analyzing SystemVerilog file "E:/xilinx/final_project/lab6.srcs/sim_1/new/mb_usb_hdmi_tb.sv" into library xil_defaultlib
INFO: [VRFC 10-311] analyzing module mb_usb_hdmi_tb
INFO: [VRFC 10-2263] Analyzing Verilog file "E:/xilinx/final_project/lab6.sim/sim_1/behav/xsim/glbl.v" into library xil_defaultlib
INFO: [VRFC 10-311] analyzing module glbl
