
*** Running vivado
    with args -log tank3_rom.vds -m64 -product Vivado -mode batch -messageDb vivado.pb -notrace -source tank3_rom.tcl



****** Vivado v2022.2 (64-bit)
  **** SW Build 3671981 on Fri Oct 14 05:00:03 MDT 2022
  **** IP Build 3669848 on Fri Oct 14 08:30:02 MDT 2022
    ** Copyright 1986-2022 Xilinx, Inc. All Rights Reserved.

source tank3_rom.tcl -notrace
create_project: Time (s): cpu = 00:00:02 ; elapsed = 00:00:07 . Memory (MB): peak = 372.688 ; gain = 62.715
INFO: [IP_Flow 19-234] Refreshing IP repositories
INFO: [IP_Flow 19-1700] Loaded user IP repository 'f:/hdmi_tx_1.0'.
INFO: [IP_Flow 19-2313] Loaded Vivado IP repository 'E:/xilinx/Vivado/2022.2/data/ip'.
INFO: [IP_Flow 19-6924] IPCACHE: Running cache check for IP inst: tank3_rom
INFO: [IP_Flow 19-6922] IPCACHE: Exporting cached entry 797717d0f238d0c1 to dir: E:/xilinx/final_project/lab6.runs/tank3_rom_synth_1
INFO: [IP_Flow 19-6928] IPCACHE: copied cached file e:/xilinx/final_project/lab6.cache/ip/2022.2/7/9/797717d0f238d0c1/tank3_rom.dcp to E:/xilinx/final_project/lab6.runs/tank3_rom_synth_1/tank3_rom.dcp.
INFO: [IP_Flow 19-6928] IPCACHE: copied cached file e:/xilinx/final_project/lab6.cache/ip/2022.2/7/9/797717d0f238d0c1/tank3_rom_sim_netlist.v to E:/xilinx/final_project/lab6.runs/tank3_rom_synth_1/tank3_rom_sim_netlist.v.
INFO: [IP_Flow 19-6928] IPCACHE: copied cached file e:/xilinx/final_project/lab6.cache/ip/2022.2/7/9/797717d0f238d0c1/tank3_rom_sim_netlist.vhdl to E:/xilinx/final_project/lab6.runs/tank3_rom_synth_1/tank3_rom_sim_netlist.vhdl.
INFO: [IP_Flow 19-6928] IPCACHE: copied cached file e:/xilinx/final_project/lab6.cache/ip/2022.2/7/9/797717d0f238d0c1/tank3_rom_stub.v to E:/xilinx/final_project/lab6.runs/tank3_rom_synth_1/tank3_rom_stub.v.
INFO: [IP_Flow 19-6928] IPCACHE: copied cached file e:/xilinx/final_project/lab6.cache/ip/2022.2/7/9/797717d0f238d0c1/tank3_rom_stub.vhdl to E:/xilinx/final_project/lab6.runs/tank3_rom_synth_1/tank3_rom_stub.vhdl.
INFO: [IP_Flow 19-4838] Using cached IP synthesis design for IP tank3_rom, cache-ID = 797717d0f238d0c1.
INFO: [Common 17-206] Exiting Vivado at Fri Apr 26 16:33:52 2024...
